# JRE version: OpenJDK Runtime Environment Microsoft-28056 (17.0.1+12) (build 17.0.1+12-LTS)
# Java VM: OpenJDK 64-Bit Server VM Microsoft-28056 (17.0.1+12-LTS, mixed mode, tiered, compressed oops, compressed class ptrs, g1 gc, windows-amd64)
GC Precious Log:
 CPUs: 12 total, 12 available
 Memory: 16201M
 Large Page Support: Disabled
 NUMA Support: Disabled
 Compressed Oops: Enabled (Zero based)
 Heap Region Size: 32M
 Heap Min Capacity: 32M
 Heap Initial Capacity: 256M
 Heap Max Capacity: 5G
 Pre-touch: Disabled
 Parallel Workers: 10
 Concurrent Workers: 3
 Concurrent Refinement Workers: 10
 Periodic GC: Disabled
Heap:
 garbage-first heap   total 1441792K, used 1244921K [0x00000006c0000000, 0x0000000800000000)
  region size 32768K, 8 young (262144K), 1 survivors (32768K)
 Metaspace       used 181519K, committed 183040K, reserved 1212416K
  class space    used 26261K, committed 27008K, reserved 1048576K
GC Heap History (20 events):
Event: 701.518 GC heap before
{Heap before GC invocations=379 (full 0):
 garbage-first heap   total 1441792K, used 1274421K [0x00000006c0000000, 0x0000000800000000)
  region size 32768K, 8 young (262144K), 1 survivors (32768K)
 Metaspace       used 181422K, committed 182912K, reserved 1212416K
  class space    used 26251K, committed 26944K, reserved 1048576K
}
Event: 701.520 GC heap after
{Heap after GC invocations=380 (full 0):
 garbage-first heap   total 1441792K, used 1045286K [0x00000006c0000000, 0x0000000800000000)
  region size 32768K, 1 young (32768K), 1 survivors (32768K)
 Metaspace       used 181422K, committed 182912K, reserved 1212416K
  class space    used 26251K, committed 26944K, reserved 1048576K
}
Event: 703.452 GC heap before
{Heap before GC invocations=380 (full 0):
 garbage-first heap   total 1441792K, used 1274662K [0x00000006c0000000, 0x0000000800000000)
  region size 32768K, 8 young (262144K), 1 survivors (32768K)
 Metaspace       used 181425K, committed 182912K, reserved 1212416K
  class space    used 26251K, committed 26944K, reserved 1048576K
}
Event: 703.454 GC heap after
{Heap after GC invocations=381 (full 0):
 garbage-first heap   total 1441792K, used 1045227K [0x00000006c0000000, 0x0000000800000000)
  region size 32768K, 1 young (32768K), 1 survivors (32768K)
 Metaspace       used 181425K, committed 182912K, reserved 1212416K
  class space    used 26251K, committed 26944K, reserved 1048576K
}
Event: 705.635 GC heap before
{Heap before GC invocations=381 (full 0):
 garbage-first heap   total 1441792K, used 1274603K [0x00000006c0000000, 0x0000000800000000)
  region size 32768K, 8 young (262144K), 1 survivors (32768K)
 Metaspace       used 181425K, committed 182912K, reserved 1212416K
  class space    used 26251K, committed 26944K, reserved 1048576K
}
Event: 705.637 GC heap after
{Heap after GC invocations=382 (full 0):
 garbage-first heap   total 1441792K, used 1045125K [0x00000006c0000000, 0x0000000800000000)
  region size 32768K, 1 young (32768K), 1 survivors (32768K)
 Metaspace       used 181425K, committed 182912K, reserved 1212416K
  class space    used 26251K, committed 26944K, reserved 1048576K
}
Event: 707.584 GC heap before
{Heap before GC invocations=382 (full 0):
 garbage-first heap   total 1441792K, used 1274501K [0x00000006c0000000, 0x0000000800000000)
  region size 32768K, 8 young (262144K), 1 survivors (32768K)
 Metaspace       used 181425K, committed 182912K, reserved 1212416K
  class space    used 26251K, committed 26944K, reserved 1048576K
}
Event: 707.586 GC heap after
{Heap after GC invocations=383 (full 0):
 garbage-first heap   total 1441792K, used 1045643K [0x00000006c0000000, 0x0000000800000000)
  region size 32768K, 1 young (32768K), 1 survivors (32768K)
 Metaspace       used 181425K, committed 182912K, reserved 1212416K
  class space    used 26251K, committed 26944K, reserved 1048576K
}
Event: 709.421 GC heap before
{Heap before GC invocations=383 (full 0):
 garbage-first heap   total 1441792K, used 1275019K [0x00000006c0000000, 0x0000000800000000)
  region size 32768K, 8 young (262144K), 1 survivors (32768K)
 Metaspace       used 181426K, committed 182912K, reserved 1212416K
  class space    used 26251K, committed 26944K, reserved 1048576K
}
Event: 709.424 GC heap after
{Heap after GC invocations=384 (full 0):
 garbage-first heap   total 1441792K, used 1045257K [0x00000006c0000000, 0x0000000800000000)
  region size 32768K, 1 young (32768K), 1 survivors (32768K)
 Metaspace       used 181426K, committed 182912K, reserved 1212416K
  class space    used 26251K, committed 26944K, reserved 1048576K
}
Event: 711.422 GC heap before
{Heap before GC invocations=384 (full 0):
 garbage-first heap   total 1441792K, used 1274633K [0x00000006c0000000, 0x0000000800000000)
  region size 32768K, 8 young (262144K), 1 survivors (32768K)
 Metaspace       used 181426K, committed 182912K, reserved 1212416K
  class space    used 26251K, committed 26944K, reserved 1048576K
}
Event: 711.424 GC heap after
{Heap after GC invocations=385 (full 0):
 garbage-first heap   total 1441792K, used 1045658K [0x00000006c0000000, 0x0000000800000000)
  region size 32768K, 1 young (32768K), 1 survivors (32768K)
 Metaspace       used 181426K, committed 182912K, reserved 1212416K
  class space    used 26251K, committed 26944K, reserved 1048576K
}
Event: 713.271 GC heap before
{Heap before GC invocations=385 (full 0):
 garbage-first heap   total 1441792K, used 1275034K [0x00000006c0000000, 0x0000000800000000)
  region size 32768K, 8 young (262144K), 1 survivors (32768K)
 Metaspace       used 181435K, committed 182912K, reserved 1212416K
  class space    used 26252K, committed 26944K, reserved 1048576K
}
Event: 713.273 GC heap after
{Heap after GC invocations=386 (full 0):
 garbage-first heap   total 1441792K, used 1046639K [0x00000006c0000000, 0x0000000800000000)
  region size 32768K, 1 young (32768K), 1 survivors (32768K)
 Metaspace       used 181435K, committed 182912K, reserved 1212416K
  class space    used 26252K, committed 26944K, reserved 1048576K
}
Event: 714.068 GC heap before
{Heap before GC invocations=386 (full 0):
 garbage-first heap   total 1441792K, used 1276015K [0x00000006c0000000, 0x0000000800000000)
  region size 32768K, 8 young (262144K), 1 survivors (32768K)
 Metaspace       used 181440K, committed 182912K, reserved 1212416K
  class space    used 26252K, committed 26944K, reserved 1048576K
}
Event: 714.071 GC heap after
{Heap after GC invocations=387 (full 0):
 garbage-first heap   total 1441792K, used 1047720K [0x00000006c0000000, 0x0000000800000000)
  region size 32768K, 1 young (32768K), 1 survivors (32768K)
 Metaspace       used 181440K, committed 182912K, reserved 1212416K
  class space    used 26252K, committed 26944K, reserved 1048576K
}
Event: 714.482 GC heap before
{Heap before GC invocations=387 (full 0):
 garbage-first heap   total 1441792K, used 1277096K [0x00000006c0000000, 0x0000000800000000)
  region size 32768K, 8 young (262144K), 1 survivors (32768K)
 Metaspace       used 181440K, committed 182912K, reserved 1212416K
  class space    used 26252K, committed 26944K, reserved 1048576K
}
Event: 714.485 GC heap after
{Heap after GC invocations=388 (full 0):
 garbage-first heap   total 1441792K, used 1048273K [0x00000006c0000000, 0x0000000800000000)
  region size 32768K, 1 young (32768K), 1 survivors (32768K)
 Metaspace       used 181440K, committed 182912K, reserved 1212416K
  class space    used 26252K, committed 26944K, reserved 1048576K
}
Event: 714.916 GC heap before
{Heap before GC invocations=388 (full 0):
 garbage-first heap   total 1441792K, used 1277649K [0x00000006c0000000, 0x0000000800000000)
  region size 32768K, 8 young (262144K), 1 survivors (32768K)
 Metaspace       used 181441K, committed 182912K, reserved 1212416K
  class space    used 26252K, committed 26944K, reserved 1048576K
}
Event: 714.919 GC heap after
{Heap after GC invocations=389 (full 0):
 garbage-first heap   total 1441792K, used 1048313K [0x00000006c0000000, 0x0000000800000000)
  region size 32768K, 1 young (32768K), 1 survivors (32768K)
 Metaspace       used 181441K, committed 182912K, reserved 1212416K
  class space    used 26252K, committed 26944K, reserved 1048576K
}

